已經開始建置於 2018/11/6 下午 09:32:02。
     1>節點 2 (Build 目標) 上的專案 "C:\Users\chris\OneDrive\桌面\107360212_何禹蒨\p14\14\14\14.vcxproj"。
     1>C:\Program Files (x86)\MSBuild\Microsoft.Cpp\v4.0\V120\Microsoft.CppBuild.targets(363,5): warning MSB8004: Intermediate Directory does not end with a trailing slash.  This build instance will add the slash as it is required to allow proper evaluation of the Intermediate Directory.
     1>C:\Program Files (x86)\MSBuild\Microsoft.Cpp\v4.0\V120\Microsoft.CppBuild.targets(364,5): warning MSB8004: Output Directory does not end with a trailing slash.  This build instance will add the slash as it is required to allow proper evaluation of the Output Directory.
     1>ClCompile:
         C:\Program Files (x86)\Microsoft Visual Studio 12.0\VC\bin\CL.exe /c /I"C:\Users\chris\OneDrive\桌面\107360212_何禹蒨\p14\include" /ZI /nologo /W3 /WX- /sdl /Od /Oy- /D _MBCS /Gm /EHsc /RTC1 /MDd /GS /fp:precise /Zc:wchar_t /Zc:forScope /Fo"..\..\temp\debug\\" /Fd"..\..\temp\debug\vc120.pdb" /Gd /TC /analyze- /errorReport:prompt ..\..\source\main.c
         main.c
     1>c:\users\chris\onedrive\桌面\107360212_何禹蒨\p14\source\main.c(12): warning C4047: '函式' : 'int' 與 'int [3][4]' 間接取值的層級不同
     1>c:\users\chris\onedrive\桌面\107360212_何禹蒨\p14\source\main.c(12): warning C4024: 'printarr' : 型式和實質參數 1 不同的類型
     1>c:\users\chris\onedrive\桌面\107360212_何禹蒨\p14\source\main.c(12): warning C4020: 'printarr' : 實質參數太多
     1>c:\users\chris\onedrive\桌面\107360212_何禹蒨\p14\source\main.c(13): warning C4047: '函式' : 'int' 與 'int [3][4]' 間接取值的層級不同
     1>c:\users\chris\onedrive\桌面\107360212_何禹蒨\p14\source\main.c(13): warning C4024: 'minimum' : 型式和實質參數 1 不同的類型
     1>c:\users\chris\onedrive\桌面\107360212_何禹蒨\p14\source\main.c(14): warning C4047: '函式' : 'int' 與 'int [3][4]' 間接取值的層級不同
     1>c:\users\chris\onedrive\桌面\107360212_何禹蒨\p14\source\main.c(14): warning C4024: 'maximum' : 型式和實質參數 1 不同的類型
     1>c:\users\chris\onedrive\桌面\107360212_何禹蒨\p14\source\main.c(17): warning C4047: '函式' : 'int' 與 'int [4]' 間接取值的層級不同
     1>c:\users\chris\onedrive\桌面\107360212_何禹蒨\p14\source\main.c(17): warning C4024: 'av' : 型式和實質參數 1 不同的類型
     1>c:\users\chris\onedrive\桌面\107360212_何禹蒨\p14\source\main.c(21): warning C4028: 型式參數 1 與來自宣告的不同
     1>c:\users\chris\onedrive\桌面\107360212_何禹蒨\p14\source\main.c(31): warning C4028: 型式參數 1 與來自宣告的不同
     1>c:\users\chris\onedrive\桌面\107360212_何禹蒨\p14\source\main.c(41): warning C4028: 型式參數 1 與來自宣告的不同
     1>c:\users\chris\onedrive\桌面\107360212_何禹蒨\p14\source\main.c(41): warning C4029: 在函式宣告和函式定義中的型式參數清單不同
     1>c:\users\chris\onedrive\桌面\107360212_何禹蒨\p14\source\main.c(51): warning C4028: 型式參數 1 與來自宣告的不同
       Link:
         C:\Program Files (x86)\Microsoft Visual Studio 12.0\VC\bin\link.exe /ERRORREPORT:PROMPT /OUT:"..\..\temp\debug\14.exe" /INCREMENTAL /NOLOGO kernel32.lib user32.lib gdi32.lib winspool.lib comdlg32.lib advapi32.lib shell32.lib ole32.lib oleaut32.lib uuid.lib odbc32.lib odbccp32.lib /MANIFEST /MANIFESTUAC:"level='asInvoker' uiAccess='false'" /manifest:embed /DEBUG /PDB:"..\..\temp\debug\14.pdb" /TLBID:1 /DYNAMICBASE /NXCOMPAT /IMPLIB:"..\..\temp\debug\14.lib" /MACHINE:X86 ..\..\temp\debug\main.obj
         14.vcxproj -> C:\Users\chris\OneDrive\桌面\107360212_何禹蒨\p14\14\14\..\..\temp\debug\14.exe
     1>專案 "C:\Users\chris\OneDrive\桌面\107360212_何禹蒨\p14\14\14\14.vcxproj" (Build 目標) 建置完成。

建置成功。

經過時間 00:00:00.40
